{
  "0 debug pnpm:scope": {
    "selected": 1
  },
  "1 error pnpm": {
    "code": "ELIFECYCLE",
    "errno": "ENOENT",
    "syscall": "spawn",
    "file": "sh",
    "pkgid": "portal_base@0.1.0",
    "stage": "dev",
    "script": "next dev",
    "pkgname": "portal_base",
    "err": {
      "name": "pnpm",
      "message": "portal_base@0.1.0 dev: `next dev`\nspawn ENOENT",
      "code": "ELIFECYCLE",
      "stack": "pnpm: portal_base@0.1.0 dev: `next dev`\nspawn ENOENT\n    at ChildProcess.<anonymous> (/opt/homebrew/lib/node_modules/pnpm/dist/pnpm.cjs:93294:22)\n    at ChildProcess.emit (node:events:513:28)\n    at maybeClose (node:internal/child_process:1100:16)\n    at Process.ChildProcess._handle.onexit (node:internal/child_process:304:5)"
    }
  },
  "2 warn pnpm:global": " Local package.json exists, but node_modules missing, did you mean to install?"
}